<?xml version="1.0" encoding="UTF-8"?>
<testng-results skipped="0" failed="0" ignored="0" total="1" passed="1">
  <reporter-output>
  </reporter-output>
  <suite name="Default suite" duration-ms="7915" started-at="2019-08-07T22:20:10Z" finished-at="2019-08-07T22:20:18Z">
    <groups>
    </groups>
    <test name="Default test" duration-ms="7915" started-at="2019-08-07T22:20:10Z" finished-at="2019-08-07T22:20:18Z">
      <class name="scripts.GoogleTest">
        <test-method status="PASS" signature="New2()[pri:0, instance:scripts.GoogleTest@18be83e4]" name="New2" duration-ms="7869" started-at="2019-08-07T22:20:10Z" finished-at="2019-08-07T22:20:18Z">
          <reporter-output>
          </reporter-output>
        </test-method> <!-- New2 -->
      </class> <!-- scripts.GoogleTest -->
    </test> <!-- Default test -->
  </suite> <!-- Default suite -->
</testng-results>
