<?xml version="1.0" encoding="UTF-8"?>
<testng-results skipped="0" failed="0" ignored="0" total="2" passed="2">
  <reporter-output>
  </reporter-output>
  <suite name="Suite" duration-ms="11424" started-at="2019-08-08T13:16:50Z" finished-at="2019-08-08T13:17:02Z">
    <groups>
    </groups>
    <test name="Test" duration-ms="11424" started-at="2019-08-08T13:16:50Z" finished-at="2019-08-08T13:17:02Z">
      <class name="scripts.WikiTest">
        <test-method status="PASS" signature="New1()[pri:0, instance:scripts.WikiTest@475530b9]" name="New1" duration-ms="5160" started-at="2019-08-08T13:16:57Z" finished-at="2019-08-08T13:17:02Z">
          <reporter-output>
          </reporter-output>
        </test-method> <!-- New1 -->
      </class> <!-- scripts.WikiTest -->
      <class name="scripts.GoogleTest">
        <test-method status="PASS" signature="New2()[pri:0, instance:scripts.GoogleTest@cb5822]" name="New2" duration-ms="6179" started-at="2019-08-08T13:16:50Z" finished-at="2019-08-08T13:16:57Z">
          <reporter-output>
          </reporter-output>
        </test-method> <!-- New2 -->
      </class> <!-- scripts.GoogleTest -->
    </test> <!-- Test -->
  </suite> <!-- Suite -->
</testng-results>
